<?xml version="1.0" encoding="UTF-8"?>
<testsuite xmlns:xsi="http://www.w3.org/2001/XMLSchema-instance" xsi:noNamespaceSchemaLocation="https://maven.apache.org/surefire/maven-surefire-plugin/xsd/surefire-test-report.xsd" version="3.0.2" name="com.martinez.webSpring.WebSpringApplicationTests" time="2.11" tests="1" errors="0" skipped="0" failures="0">
  <properties>
[...]
</properties>
  <testcase name="contextLoads" classname="com.martinez.webSpring.WebSpringApplicationTests" time="0.578">
    <system-out><![CDATA[22:55:46.674 [main] INFO org.springframework.test.context.support.AnnotationConfigContextLoaderUtils -- Could not detect default configuration classes for test class [com.martinez.webSpring.WebSpringApplicationTests]: WebSpringApplicationTests does not declare any static, non-private, non-final, nested classes annotated with @Configuration.
22:55:46.765 [main] INFO org.springframework.boot.test.context.SpringBootTestContextBootstrapper -- Found @SpringBootConfiguration com.martinez.webspring.WebSpringApplication for test class com.martinez.webSpring.WebSpringApplicationTests

  .   ____          _            __ _ _
 /\\ / ___'_ __ _ _(_)_ __  __ _ \ \ \ \
( ( )\___ | '_ | '_| | '_ \/ _` | \ \ \ \
 \\/  ___)| |_)| | | | | || (_| |  ) ) ) )
  '  |____| .__|_| |_|_| |_\__, | / / / /
 =========|_|==============|___/=/_/_/_/

 :: Spring Boot ::                (v3.4.0)

2024-11-27T22:55:47.112+07:00  INFO 19588 --- [webspring] [           main] c.m.webSpring.WebSpringApplicationTests  : Starting WebSpringApplicationTests using Java 17.0.1 with PID 19588 (started by Thayorzz in C:\Users\Cliniccom_090267\Desktop\code\web\webSpring)
2024-11-27T22:55:47.114+07:00  INFO 19588 --- [webspring] [           main] c.m.webSpring.WebSpringApplicationTests  : No active profile set, falling back to 1 default profile: "default"
2024-11-27T22:55:47.783+07:00  INFO 19588 --- [webspring] [           main] o.s.b.a.w.s.WelcomePageHandlerMapping    : Adding welcome page: class path resource [static/index.html]
2024-11-27T22:55:48.053+07:00  INFO 19588 --- [webspring] [           main] c.m.webSpring.WebSpringApplicationTests  : Started WebSpringApplicationTests in 1.139 seconds (process running for 1.887)
]]></system-out>
  </testcase>
</testsuite>